[23:34:57] [ServerMain/INFO]: [bootstrap] Running Java 21 (OpenJDK 64-Bit Server VM 21.0.6+7-Ubuntu-120.04.1; Ubuntu null) on Linux 6.8.0-1027-azure (amd64)
[23:34:57] [ServerMain/INFO]: [bootstrap] Loading Paper 1.21.1-57-master@b483da4 (2024-09-01T18:09:05Z) for Minecraft 1.21.1
[23:34:57] [ServerMain/INFO]: [PluginInitializerManager] Initializing plugins...
[23:34:58] [ServerMain/INFO]: [PluginInitializerManager] Initialized 7 plugins
[23:34:58] [ServerMain/INFO]: [PluginInitializerManager] Bukkit plugins (7):
 - GSit (2.3.0), Graves (4.9.7), LevelledMobs (4.3.1 b112), LockShulker (1.0), LuckPerms (5.4.158), SkinsRestorer (15.6.3), SmoothTimber (1.27.4)
[23:35:03] [ServerMain/INFO]: Environment: Environment[sessionHost=https://sessionserver.mojang.com, servicesHost=https://api.minecraftservices.com, name=PROD]
[23:35:05] [ServerMain/INFO]: Loaded 1290 recipes
[23:35:06] [ServerMain/INFO]: Loaded 1399 advancements
[23:35:06] [Server thread/INFO]: Starting minecraft server version 1.21.1
[23:35:06] [Server thread/INFO]: Loading properties
[23:35:06] [Server thread/INFO]: This server is running Paper version 1.21.1-57-master@b483da4 (2024-09-01T18:09:05Z) (Implementing API version 1.21.1-R0.1-SNAPSHOT)
[23:35:07] [Server thread/INFO]: [spark] This server bundles the spark profiler. For more information please visit https://docs.papermc.io/paper/profiling
[23:35:07] [Server thread/INFO]: Server Ping Player Sample Count: 12
[23:35:07] [Server thread/INFO]: Using 4 threads for Netty based IO
[23:35:08] [Server thread/INFO]: [ChunkTaskScheduler] Chunk system is using 1 I/O threads, 1 worker threads, and population gen parallelism of 1 threads
[23:35:08] [Server thread/INFO]: Default game type: SURVIVAL
[23:35:08] [Server thread/INFO]: Generating keypair
[23:35:08] [Server thread/INFO]: Starting Minecraft server on *:25565
[23:35:08] [Server thread/INFO]: Using epoll channel type
[23:35:08] [Server thread/INFO]: Paper: Using libdeflate (Linux x86_64) compression from Velocity.
[23:35:08] [Server thread/INFO]: Paper: Using OpenSSL 1.1.x (Linux x86_64) cipher from Velocity.
[23:35:11] [Server thread/INFO]: [SmoothTimber] Loading server plugin SmoothTimber v1.27.4
[23:35:11] [Server thread/INFO]: [GSit] Loading server plugin GSit v2.3.0
[23:35:11] [Server thread/INFO]: [LuckPerms] Loading server plugin LuckPerms v5.4.158
[23:35:12] [Server thread/INFO]: [SkinsRestorer] Loading server plugin SkinsRestorer v15.6.3
[23:35:12] [Server thread/INFO]: [Graves] Loading server plugin Graves v4.9.7
[23:35:12] [Server thread/INFO]: [LockShulker] Loading server plugin LockShulker v1.0
[23:35:12] [Server thread/INFO]: [LevelledMobs] Loading server plugin LevelledMobs v4.3.1 b112
[23:35:13] [Server thread/INFO]: [LevelledMobs] Loading commands
[23:35:14] [Server thread/INFO]: Server permissions file permissions.yml is empty, ignoring it
[23:35:14] [Server thread/INFO]: [LuckPerms] Enabling LuckPerms v5.4.158
[23:35:15] [Server thread/INFO]:         __    
[23:35:15] [Server thread/INFO]:   |    |__)   LuckPerms v5.4.158
[23:35:15] [Server thread/INFO]:   |___ |      Running on Bukkit - Paper
[23:35:15] [Server thread/INFO]: 
[23:35:15] [Server thread/INFO]: [LuckPerms] Loading configuration...
[23:35:15] [Server thread/INFO]: [LuckPerms] Loading storage provider... [H2]
[23:35:15] [Server thread/INFO]: [LuckPerms] Loading internal permission managers...
[23:35:15] [Server thread/INFO]: [LuckPerms] Performing initial data load...
[23:35:16] [Server thread/INFO]: [LuckPerms] Successfully enabled. (took 1448ms)
[23:35:16] [Server thread/INFO]: [SkinsRestorer] Enabling SkinsRestorer v15.6.3
[23:35:18] [Server thread/INFO]: [SkinsRestorer] Running on Minecraft 1.21.1.
[23:35:19] [Server thread/INFO]: [SkinsRestorer] Using paper join listener!
[23:35:19] [Server thread/WARN]: **** SERVER IS RUNNING IN OFFLINE/INSECURE MODE!
[23:35:19] [Server thread/WARN]: The server will make no attempt to authenticate usernames. Beware.
[23:35:19] [Server thread/WARN]: While this makes the game possible to play without internet access, it also opens up the ability for hackers to connect with any username they choose.
[23:35:19] [Server thread/WARN]: To change this, set "online-mode" to "true" in the server.properties file.
[23:35:19] [Server thread/INFO]: Preparing level "world"
[23:35:19] [Folia Async Scheduler Thread #1/INFO]: [SkinsRestorer] ----------------------------------------------
[23:35:19] [Folia Async Scheduler Thread #1/INFO]: [SkinsRestorer]     +==================+
[23:35:19] [Folia Async Scheduler Thread #1/INFO]: [SkinsRestorer]     |   SkinsRestorer  |
[23:35:19] [Folia Async Scheduler Thread #1/INFO]: [SkinsRestorer]     |------------------|
[23:35:19] [Folia Async Scheduler Thread #1/INFO]: [SkinsRestorer]     |  Standalone Mode |
[23:35:19] [Folia Async Scheduler Thread #1/INFO]: [SkinsRestorer]     +==================+
[23:35:19] [Folia Async Scheduler Thread #1/INFO]: [SkinsRestorer] ----------------------------------------------
[23:35:19] [Folia Async Scheduler Thread #1/INFO]: [SkinsRestorer]     Version: 15.6.3
[23:35:19] [Folia Async Scheduler Thread #1/INFO]: [SkinsRestorer]     Commit: 7eb6dc6
[23:35:19] [Folia Async Scheduler Thread #1/INFO]: [SkinsRestorer]     This is the latest version!
[23:35:19] [Folia Async Scheduler Thread #1/INFO]: [SkinsRestorer] ----------------------------------------------
[23:35:19] [Folia Async Scheduler Thread #1/INFO]: [SkinsRestorer] Do you have issues? Read our troubleshooting guide: https://skinsrestorer.net/docs/troubleshooting
[23:35:19] [Folia Async Scheduler Thread #1/INFO]: [SkinsRestorer] Want to support SkinsRestorer? Consider donating: https://skinsrestorer.net/donate
[23:35:20] [Server thread/INFO]: Preparing start region for dimension minecraft:overworld
[23:35:22] [Server thread/INFO]: Time elapsed: 1812 ms
[23:35:22] [Server thread/INFO]: Preparing start region for dimension minecraft:the_nether
[23:35:22] [Server thread/INFO]: Time elapsed: 468 ms
[23:35:22] [Server thread/INFO]: Preparing start region for dimension minecraft:the_end
[23:35:23] [Server thread/INFO]: Time elapsed: 199 ms
[23:35:23] [Server thread/INFO]: [SmoothTimber] Enabling SmoothTimber v1.27.4
[23:35:23] [Server thread/INFO]: SmoothTimber || You're currently using the supported Minecraft Version 1.21.1 (Core v1_20x)
[23:35:23] [Server thread/INFO]: [GSit] Enabling GSit v2.3.0
[23:35:23] [Server thread/INFO]: [GSit] The plugin was successfully enabled.
[23:35:23] [Server thread/INFO]: [Graves] Enabling Graves v4.9.7
[23:35:23] [Server thread/INFO]: [Graves] Integration: Hooked into MiniMessage.
[23:35:24] [Server thread/INFO]: [LockShulker] Enabling LockShulker v1.0
[23:35:24] [Server thread/INFO]: [LockShulker] LockShulker включен!
[23:35:24] [Server thread/INFO]: [LevelledMobs] Enabling LevelledMobs v4.3.1 b112
[23:35:24] [Server thread/INFO]: [LevelledMobs] Enabling commands
[23:35:24] [Server thread/INFO]: [LevelledMobs] Building reflection cache, use simple names: true
[23:35:24] [Server thread/INFO]: [LevelledMobs] Using NMS version 1.21.1 for nametag support
[23:35:24] [Server thread/INFO]: [LevelledMobs] File Loader: Loading files...
[23:35:24] [Server thread/INFO]: [LevelledMobs] File Loader: Loading file 'settings.yml'...
[23:35:24] [Server thread/INFO]: [LevelledMobs] File Loader: Loading file 'messages.yml'...
[23:35:24] [Server thread/INFO]: [LevelledMobs] File Loader: Loading file 'externalplugins.yml'...
[23:35:24] [Server thread/INFO]: [LevelledMobs] File Loader: Loading file 'rules.yml'...
[23:35:24] [Server thread/INFO]: [LevelledMobs] Current rules hash: 9b0f48e3273bb9cc29d2891ad33fb3410fec8cf1e77c2092ff670fd38f6d4ff5
[23:35:24] [Server thread/INFO]: [LevelledMobs] File Loader: Loading file 'customdrops.yml'...
[23:35:24] [Server thread/INFO]: [LevelledMobs] Listeners: Registering event listeners...
[23:35:25] [Server thread/INFO]: [LevelledMobs] Running misc procedures
[23:35:25] [Server thread/INFO]: [LevelledMobs] Tasks: Starting async nametag auto update task...
[23:35:25] [Server thread/INFO]: [LevelledMobs] Start-up complete (took 962ms)
[23:35:25] [Server thread/INFO]: [spark] Starting background profiler...
[23:35:25] [Server thread/INFO]: Done preparing level "world" (5.670s)
[23:35:25] [Server thread/INFO]: Running delayed init tasks
[23:35:25] [Server thread/INFO]: Done (29.204s)! For help, type "help"
[23:35:25] [Server thread/INFO]: Timings Reset
[23:35:25] [Server thread/INFO]: /127.197.184.113:52511 lost connection: Disconnected
[23:35:51] [User Authenticator #0/INFO]: UUID of player Cami23m is 4fa8fb20-2ad5-301e-b23d-5bbfe366640e
[23:35:54] [User Authenticator #0/INFO]: UUID of player jp7806073 is 68efd73e-a0cd-33f7-a574-2c7e5d7949df
[23:35:56] [Server thread/INFO]: Cami23m joined the game
[23:35:56] [Server thread/INFO]: Cami23m[/127.225.117.164:47067] logged in with entity id 60 at ([world]-17578.71803138942, 69.9375, -4309.369929193164)
[23:35:59] [Server thread/INFO]: jp7806073 joined the game
[23:35:59] [Server thread/INFO]: jp7806073[/127.197.184.113:57769] logged in with entity id 61 at ([world]9548.300000011921, 62.5625, -1522.8920115411167)
[23:37:06] [Server thread/INFO]: jp7806073 was shot by Lvl 22 | Skeleton
[23:37:48] [Server thread/INFO]: Cami23m was blown up by Lvl 34 | Creeper
[23:39:24] [User Authenticator #1/INFO]: UUID of player Sebas23m is 05baa57d-e0e2-3245-950d-ef017ffd725d
[23:39:28] [Server thread/INFO]: Sebas23m joined the game
[23:39:28] [Server thread/INFO]: Sebas23m[/127.225.117.164:50065] logged in with entity id 2093 at ([world_nether]-2985.552885490397, 64.0, -406.44568156883076)
[23:42:10] [Server thread/INFO]: Sebas23m has completed the challenge [Hot Tourist Destinations]
[23:46:27] [Server thread/INFO]: jp7806073 was slain by Iron Golem ❤
[23:52:22] [Server thread/INFO]: Sebas23m tried to swim in lava
[23:54:27] [Server thread/INFO]: Made Sebas23m a server operator
[23:54:36] [Server thread/INFO]: Sebas23m issued server command: /gamemode spectator
[23:54:36] [Server thread/INFO]: [Sebas23m: Set own game mode to Spectator Mode]
[23:54:40] [Server thread/INFO]: Sebas23m issued server command: /tp Sebas23m -2596.0 103 -349.0
[23:54:40] [Server thread/INFO]: [Sebas23m: Teleported Sebas23m to -2596.000000, 103.000000, -349.000000]
[23:54:55] [Server thread/INFO]: Sebas23m issued server command: /gamemode survival
[23:54:55] [Server thread/INFO]: [Sebas23m: Set own game mode to Survival Mode]
[23:55:00] [Server thread/INFO]: Sebas23m issued server command: /deop Sebas23m
[23:55:00] [Server thread/INFO]: [Sebas23m: Made Sebas23m no longer a server operator]
